Flow report for counter1
Thu Oct 02 12:50:37 2014
Quartus II Version 9.0 Build 235 06/17/2009 Service Pack 2 SJ Web Edition


---------------------
; Table of Contents ;
---------------------
  1. Legal Notice
  2. Flow Summary
  3. Flow Settings
  4. Flow Non-Default Global Settings
  5. Flow Elapsed Time
  6. Flow OS Summary
  7. Flow Log



----------------
; Legal Notice ;
----------------
Copyright (C) 1991-2009 Altera Corporation
Your use of Altera Corporation's design tools, logic functions 
and other software and tools, and its AMPP partner logic 
functions, and any output files from any of the foregoing 
(including device programming or simulation files), and any 
associated documentation or information are expressly subject 
to the terms and conditions of the Altera Program License 
Subscription Agreement, Altera MegaCore Function License 
Agreement, or other applicable license agreement, including, 
without limitation, that your use is for the sole purpose of 
programming logic devices manufactured by Altera and sold by 
Altera or its authorized distributors.  Please refer to the 
applicable agreement for further details.



+------------------------------------------------------------------------+
; Flow Summary                                                           ;
+-------------------------+----------------------------------------------+
; Flow Status             ; Successful - Thu Oct 02 12:50:37 2014        ;
; Quartus II Version      ; 9.0 Build 235 06/17/2009 SP 2 SJ Web Edition ;
; Revision Name           ; counter1                                     ;
; Top-level Entity Name   ; test2                                        ;
; Family                  ; MAX7000S                                     ;
; Device                  ; EPM7128SLC84-7                               ;
; Timing Models           ; Final                                        ;
; Met timing requirements ; Yes                                          ;
; Total macrocells        ; 12 / 128 ( 9 % )                             ;
; Total pins              ; 9 / 68 ( 13 % )                              ;
+-------------------------+----------------------------------------------+


+-----------------------------------------+
; Flow Settings                           ;
+-------------------+---------------------+
; Option            ; Setting             ;
+-------------------+---------------------+
; Start date & time ; 10/02/2014 12:50:18 ;
; Main task         ; Compilation         ;
; Revision Name     ; counter1            ;
+-------------------+---------------------+


+---------------------------------------------------------------------------------------------------------------------------+
; Flow Non-Default Global Settings                                                                                          ;
+------------------------------------+---------------------------------------+---------------+-------------+----------------+
; Assignment Name                    ; Value                                 ; Default Value ; Entity Name ; Section Id     ;
+------------------------------------+---------------------------------------+---------------+-------------+----------------+
; COMPILER_SIGNATURE_ID              ; 158513288531.141226861702288          ; --            ; --          ; --             ;
; MISC_FILE                          ; E:/CEG2136 Lab2/counter1/counter1.dpf ; --            ; --          ; --             ;
; TOP_LEVEL_ENTITY                   ; test2                                 ; counter1      ; --          ; --             ;
; USE_GENERATED_PHYSICAL_CONSTRAINTS ; Off                                   ; --            ; --          ; eda_blast_fpga ;
+------------------------------------+---------------------------------------+---------------+-------------+----------------+


+-----------------------------------------------------------------------------------------------------------------------------+
; Flow Elapsed Time                                                                                                           ;
+-------------------------+--------------+-------------------------+---------------------+------------------------------------+
; Module Name             ; Elapsed Time ; Average Processors Used ; Peak Virtual Memory ; Total CPU Time (on all processors) ;
+-------------------------+--------------+-------------------------+---------------------+------------------------------------+
; Analysis & Synthesis    ; 00:00:07     ; 1.0                     ; 210 MB              ; 00:00:04                           ;
; Fitter                  ; 00:00:01     ; 1.0                     ; 178 MB              ; 00:00:00                           ;
; Assembler               ; 00:00:00     ; 1.0                     ; 179 MB              ; 00:00:00                           ;
; Classic Timing Analyzer ; 00:00:03     ; 1.0                     ; 154 MB              ; 00:00:00                           ;
; Total                   ; 00:00:11     ; --                      ; --                  ; 00:00:04                           ;
+-------------------------+--------------+-------------------------+---------------------+------------------------------------+


+------------------------------------------------------------------------------------------+
; Flow OS Summary                                                                          ;
+-------------------------+------------------+---------------+------------+----------------+
; Module Name             ; Machine Hostname ; OS Name       ; OS Version ; Processor type ;
+-------------------------+------------------+---------------+------------+----------------+
; Analysis & Synthesis    ; B302S15          ; Windows Vista ; 6.1        ; i686           ;
; Fitter                  ; B302S15          ; Windows Vista ; 6.1        ; i686           ;
; Assembler               ; B302S15          ; Windows Vista ; 6.1        ; i686           ;
; Classic Timing Analyzer ; B302S15          ; Windows Vista ; 6.1        ; i686           ;
+-------------------------+------------------+---------------+------------+----------------+


------------
; Flow Log ;
------------
quartus_map --read_settings_files=on --write_settings_files=off counter1 -c counter1
quartus_fit --read_settings_files=off --write_settings_files=off counter1 -c counter1
quartus_asm --read_settings_files=off --write_settings_files=off counter1 -c counter1
quartus_tan --read_settings_files=off --write_settings_files=off counter1 -c counter1



