Analysis & Synthesis report for counter1
Thu Oct 02 12:50:23 2014
Quartus II Version 9.0 Build 235 06/17/2009 Service Pack 2 SJ Web Edition


---------------------
; Table of Contents ;
---------------------
  1. Legal Notice
  2. Analysis & Synthesis Summary
  3. Analysis & Synthesis Settings
  4. Analysis & Synthesis Source Files Read
  5. Analysis & Synthesis Resource Usage Summary
  6. Analysis & Synthesis Resource Utilization by Entity
  7. Source assignments for debounce:inst|lpm_add_sub:op_1|addcore:adder[1]
  8. Source assignments for debounce:inst|lpm_add_sub:op_1|addcore:adder[0]
  9. Parameter Settings for Inferred Entity Instance: debounce:inst|lpm_add_sub:op_1
 10. Analysis & Synthesis Messages



----------------
; Legal Notice ;
----------------
Copyright (C) 1991-2009 Altera Corporation
Your use of Altera Corporation's design tools, logic functions 
and other software and tools, and its AMPP partner logic 
functions, and any output files from any of the foregoing 
(including device programming or simulation files), and any 
associated documentation or information are expressly subject 
to the terms and conditions of the Altera Program License 
Subscription Agreement, Altera MegaCore Function License 
Agreement, or other applicable license agreement, including, 
without limitation, that your use is for the sole purpose of 
programming logic devices manufactured by Altera and sold by 
Altera or its authorized distributors.  Please refer to the 
applicable agreement for further details.



+----------------------------------------------------------------------------+
; Analysis & Synthesis Summary                                               ;
+-----------------------------+----------------------------------------------+
; Analysis & Synthesis Status ; Successful - Thu Oct 02 12:50:23 2014        ;
; Quartus II Version          ; 9.0 Build 235 06/17/2009 SP 2 SJ Web Edition ;
; Revision Name               ; counter1                                     ;
; Top-level Entity Name       ; test2                                        ;
; Family                      ; MAX7000S                                     ;
; Total macrocells            ; 12                                           ;
; Total pins                  ; 5                                            ;
+-----------------------------+----------------------------------------------+


+-----------------------------------------------------------------------------------------------+
; Analysis & Synthesis Settings                                                                 ;
+--------------------------------------------------------------+----------------+---------------+
; Option                                                       ; Setting        ; Default Value ;
+--------------------------------------------------------------+----------------+---------------+
; Device                                                       ; EPM7128SLC84-7 ;               ;
; Top-level entity name                                        ; test2          ; counter1      ;
; Family name                                                  ; MAX7000S       ; Stratix II    ;
; Use Generated Physical Constraints File                      ; Off            ;               ;
; Use smart compilation                                        ; Off            ; Off           ;
; Create Debugging Nodes for IP Cores                          ; Off            ; Off           ;
; Preserve fewer node names                                    ; On             ; On            ;
; Disable OpenCore Plus hardware evaluation                    ; Off            ; Off           ;
; Verilog Version                                              ; Verilog_2001   ; Verilog_2001  ;
; VHDL Version                                                 ; VHDL93         ; VHDL93        ;
; State Machine Processing                                     ; Auto           ; Auto          ;
; Safe State Machine                                           ; Off            ; Off           ;
; Extract Verilog State Machines                               ; On             ; On            ;
; Extract VHDL State Machines                                  ; On             ; On            ;
; Ignore Verilog initial constructs                            ; Off            ; Off           ;
; Iteration limit for constant Verilog loops                   ; 5000           ; 5000          ;
; Iteration limit for non-constant Verilog loops               ; 250            ; 250           ;
; Add Pass-Through Logic to Inferred RAMs                      ; On             ; On            ;
; Parallel Synthesis                                           ; Off            ; Off           ;
; NOT Gate Push-Back                                           ; On             ; On            ;
; Power-Up Don't Care                                          ; On             ; On            ;
; Remove Duplicate Registers                                   ; On             ; On            ;
; Ignore CARRY Buffers                                         ; Off            ; Off           ;
; Ignore CASCADE Buffers                                       ; Off            ; Off           ;
; Ignore GLOBAL Buffers                                        ; Off            ; Off           ;
; Ignore ROW GLOBAL Buffers                                    ; Off            ; Off           ;
; Ignore LCELL Buffers                                         ; Auto           ; Auto          ;
; Ignore SOFT Buffers                                          ; Off            ; Off           ;
; Limit AHDL Integers to 32 Bits                               ; Off            ; Off           ;
; Optimization Technique                                       ; Speed          ; Speed         ;
; Allow XOR Gate Usage                                         ; On             ; On            ;
; Auto Logic Cell Insertion                                    ; On             ; On            ;
; Parallel Expander Chain Length                               ; 4              ; 4             ;
; Auto Parallel Expanders                                      ; On             ; On            ;
; Auto Open-Drain Pins                                         ; On             ; On            ;
; Auto Resource Sharing                                        ; Off            ; Off           ;
; Maximum Fan-in Per Macrocell                                 ; 100            ; 100           ;
; Use LogicLock Constraints during Resource Balancing          ; On             ; On            ;
; Ignore translate_off and synthesis_off directives            ; Off            ; Off           ;
; Show Parameter Settings Tables in Synthesis Report           ; On             ; On            ;
; HDL message level                                            ; Level2         ; Level2        ;
; Suppress Register Optimization Related Messages              ; Off            ; Off           ;
; Number of Removed Registers Reported in Synthesis Report     ; 100            ; 100           ;
; Number of Inverted Registers Reported in Synthesis Report    ; 100            ; 100           ;
; Block Design Naming                                          ; Auto           ; Auto          ;
; Synthesis Effort                                             ; Auto           ; Auto          ;
; Shift Register Replacement - Allow Asynchronous Clear Signal ; On             ; On            ;
; Analysis & Synthesis Message Level                           ; Medium         ; Medium        ;
+--------------------------------------------------------------+----------------+---------------+


+-----------------------------------------------------------------------------------------------------------------------------------------------------------------------------+
; Analysis & Synthesis Source Files Read                                                                                                                                      ;
+----------------------------------+-----------------+------------------------------------+-----------------------------------------------------------------------------------+
; File Name with User-Entered Path ; Used in Netlist ; File Type                          ; File Name with Absolute Path                                                      ;
+----------------------------------+-----------------+------------------------------------+-----------------------------------------------------------------------------------+
; counter1.bdf                     ; yes             ; User Block Diagram/Schematic File  ; E:/CEG2136 Lab2/counter1/counter1.bdf                                             ;
; debounce.tdf                     ; yes             ; User AHDL File                     ; E:/CEG2136 Lab2/counter1/debounce.tdf                                             ;
; test2.bdf                        ; yes             ; User Block Diagram/Schematic File  ; E:/CEG2136 Lab2/counter1/test2.bdf                                                ;
; lpm_add_sub.tdf                  ; yes             ; Megafunction                       ; q:/altera.09/altera/90sp2/quartus/libraries/megafunctions/lpm_add_sub.tdf         ;
; addcore.inc                      ; yes             ; Megafunction                       ; q:/altera.09/altera/90sp2/quartus/libraries/megafunctions/addcore.inc             ;
; look_add.inc                     ; yes             ; Megafunction                       ; q:/altera.09/altera/90sp2/quartus/libraries/megafunctions/look_add.inc            ;
; bypassff.inc                     ; yes             ; Megafunction                       ; q:/altera.09/altera/90sp2/quartus/libraries/megafunctions/bypassff.inc            ;
; altshift.inc                     ; yes             ; Megafunction                       ; q:/altera.09/altera/90sp2/quartus/libraries/megafunctions/altshift.inc            ;
; alt_stratix_add_sub.inc          ; yes             ; Megafunction                       ; q:/altera.09/altera/90sp2/quartus/libraries/megafunctions/alt_stratix_add_sub.inc ;
; alt_mercury_add_sub.inc          ; yes             ; Megafunction                       ; q:/altera.09/altera/90sp2/quartus/libraries/megafunctions/alt_mercury_add_sub.inc ;
; aglobal90.inc                    ; yes             ; Megafunction                       ; q:/altera.09/altera/90sp2/quartus/libraries/megafunctions/aglobal90.inc           ;
; addcore.tdf                      ; yes             ; Megafunction                       ; q:/altera.09/altera/90sp2/quartus/libraries/megafunctions/addcore.tdf             ;
; a_csnbuffer.inc                  ; yes             ; Megafunction                       ; q:/altera.09/altera/90sp2/quartus/libraries/megafunctions/a_csnbuffer.inc         ;
; a_csnbuffer.tdf                  ; yes             ; Megafunction                       ; q:/altera.09/altera/90sp2/quartus/libraries/megafunctions/a_csnbuffer.tdf         ;
; look_add.tdf                     ; yes             ; Megafunction                       ; q:/altera.09/altera/90sp2/quartus/libraries/megafunctions/look_add.tdf            ;
; altshift.tdf                     ; yes             ; Megafunction                       ; q:/altera.09/altera/90sp2/quartus/libraries/megafunctions/altshift.tdf            ;
+----------------------------------+-----------------+------------------------------------+-----------------------------------------------------------------------------------+


+---------------------------------------------------+
; Analysis & Synthesis Resource Usage Summary       ;
+----------------------+----------------------------+
; Resource             ; Usage                      ;
+----------------------+----------------------------+
; Logic cells          ; 12                         ;
; Total registers      ; 11                         ;
; I/O pins             ; 5                          ;
; Parallel expanders   ; 1                          ;
; Maximum fan-out node ; debounce:inst|count_reg[1] ;
; Maximum fan-out      ; 12                         ;
; Total fan-out        ; 121                        ;
; Average fan-out      ; 7.12                       ;
+----------------------+----------------------------+


+-----------------------------------------------------------------------------------------------------------------------------------------------------------+
; Analysis & Synthesis Resource Utilization by Entity                                                                                                       ;
+---------------------------------------+------------+------+--------------------------------------------------------------------------------+--------------+
; Compilation Hierarchy Node            ; Macrocells ; Pins ; Full Hierarchy Name                                                            ; Library Name ;
+---------------------------------------+------------+------+--------------------------------------------------------------------------------+--------------+
; |test2                                ; 12         ; 5    ; |test2                                                                         ; work         ;
;    |counter1:inst1|                   ; 3          ; 0    ; |test2|counter1:inst1                                                          ; work         ;
;    |debounce:inst|                    ; 9          ; 0    ; |test2|debounce:inst                                                           ; work         ;
;       |lpm_add_sub:op_1|              ; 1          ; 0    ; |test2|debounce:inst|lpm_add_sub:op_1                                          ; work         ;
;          |addcore:adder[0]|           ; 1          ; 0    ; |test2|debounce:inst|lpm_add_sub:op_1|addcore:adder[0]                         ; work         ;
;             |a_csnbuffer:result_node| ; 1          ; 0    ; |test2|debounce:inst|lpm_add_sub:op_1|addcore:adder[0]|a_csnbuffer:result_node ; work         ;
+---------------------------------------+------------+------+--------------------------------------------------------------------------------+--------------+


+------------------------------------------------------------------------+
; Source assignments for debounce:inst|lpm_add_sub:op_1|addcore:adder[1] ;
+---------------------------+-------+------+-----------------------------+
; Assignment                ; Value ; From ; To                          ;
+---------------------------+-------+------+-----------------------------+
; SUPPRESS_DA_RULE_INTERNAL ; A103  ; -    ; -                           ;
+---------------------------+-------+------+-----------------------------+


+------------------------------------------------------------------------+
; Source assignments for debounce:inst|lpm_add_sub:op_1|addcore:adder[0] ;
+---------------------------+-------+------+-----------------------------+
; Assignment                ; Value ; From ; To                          ;
+---------------------------+-------+------+-----------------------------+
; SUPPRESS_DA_RULE_INTERNAL ; A103  ; -    ; -                           ;
+---------------------------+-------+------+-----------------------------+


+---------------------------------------------------------------------------------+
; Parameter Settings for Inferred Entity Instance: debounce:inst|lpm_add_sub:op_1 ;
+------------------------+-------------+------------------------------------------+
; Parameter Name         ; Value       ; Type                                     ;
+------------------------+-------------+------------------------------------------+
; LPM_WIDTH              ; 9           ; Untyped                                  ;
; LPM_REPRESENTATION     ; UNSIGNED    ; Untyped                                  ;
; LPM_DIRECTION          ; ADD         ; Untyped                                  ;
; ONE_INPUT_IS_CONSTANT  ; NO          ; Untyped                                  ;
; LPM_PIPELINE           ; 0           ; Untyped                                  ;
; MAXIMIZE_SPEED         ; 5           ; Untyped                                  ;
; REGISTERED_AT_END      ; 0           ; Untyped                                  ;
; OPTIMIZE_FOR_SPEED     ; 9           ; Untyped                                  ;
; USE_CS_BUFFERS         ; 1           ; Untyped                                  ;
; CARRY_CHAIN            ; MANUAL      ; Untyped                                  ;
; CARRY_CHAIN_LENGTH     ; 48          ; CARRY_CHAIN_LENGTH                       ;
; DEVICE_FAMILY          ; MAX7000S    ; Untyped                                  ;
; USE_WYS                ; OFF         ; Untyped                                  ;
; STYLE                  ; FAST        ; Untyped                                  ;
; CBXI_PARAMETER         ; add_sub_8kh ; Untyped                                  ;
; AUTO_CARRY_CHAINS      ; ON          ; AUTO_CARRY                               ;
; IGNORE_CARRY_BUFFERS   ; OFF         ; IGNORE_CARRY                             ;
; AUTO_CASCADE_CHAINS    ; ON          ; AUTO_CASCADE                             ;
; IGNORE_CASCADE_BUFFERS ; OFF         ; IGNORE_CASCADE                           ;
+------------------------+-------------+------------------------------------------+
Note: In order to hide this table in the UI and the text report file, please set the "Show Parameter Settings Tables in Synthesis Report" option in "Analysis and Synthesis Settings -> More Settings" to "Off".


+-------------------------------+
; Analysis & Synthesis Messages ;
+-------------------------------+
Info: *******************************************************************
Info: Running Quartus II Analysis & Synthesis
    Info: Version 9.0 Build 235 06/17/2009 Service Pack 2 SJ Web Edition
    Info: Processing started: Thu Oct 02 12:50:16 2014
Info: Command: quartus_map --read_settings_files=on --write_settings_files=off counter1 -c counter1
Info: Found 1 design units, including 1 entities, in source file counter1.bdf
    Info: Found entity 1: counter1
Info: Found 1 design units, including 1 entities, in source file test1.bdf
    Info: Found entity 1: test1
Info: Found 1 design units, including 1 entities, in source file debounce.tdf
    Info: Found entity 1: debounce
Info: Found 1 design units, including 1 entities, in source file test2.bdf
    Info: Found entity 1: test2
Info: Elaborating entity "test2" for the top level hierarchy
Info: Elaborating entity "counter1" for hierarchy "counter1:inst1"
Info: Elaborating entity "debounce" for hierarchy "debounce:inst"
Info: Inferred 1 megafunctions from design logic
    Info: Inferred adder/subtractor megafunction ("lpm_add_sub") from the following logic: "debounce:inst|op_1"
Info: Elaborated megafunction instantiation "debounce:inst|lpm_add_sub:op_1"
Info: Instantiated megafunction "debounce:inst|lpm_add_sub:op_1" with the following parameter:
    Info: Parameter "LPM_WIDTH" = "9"
    Info: Parameter "LPM_DIRECTION" = "ADD"
    Info: Parameter "LPM_REPRESENTATION" = "UNSIGNED"
    Info: Parameter "ONE_INPUT_IS_CONSTANT" = "NO"
Info: Elaborated megafunction instantiation "debounce:inst|lpm_add_sub:op_1|addcore:adder[1]", which is child of megafunction instantiation "debounce:inst|lpm_add_sub:op_1"
Info: Elaborated megafunction instantiation "debounce:inst|lpm_add_sub:op_1|addcore:adder[1]|a_csnbuffer:oflow_node", which is child of megafunction instantiation "debounce:inst|lpm_add_sub:op_1"
Info: Elaborated megafunction instantiation "debounce:inst|lpm_add_sub:op_1|addcore:adder[1]|a_csnbuffer:result_node", which is child of megafunction instantiation "debounce:inst|lpm_add_sub:op_1"
Info: Elaborated megafunction instantiation "debounce:inst|lpm_add_sub:op_1|addcore:adder[0]", which is child of megafunction instantiation "debounce:inst|lpm_add_sub:op_1"
Info: Elaborated megafunction instantiation "debounce:inst|lpm_add_sub:op_1|look_add:look_ahead_unit", which is child of megafunction instantiation "debounce:inst|lpm_add_sub:op_1"
Info: Elaborated megafunction instantiation "debounce:inst|lpm_add_sub:op_1|altshift:result_ext_latency_ffs", which is child of megafunction instantiation "debounce:inst|lpm_add_sub:op_1"
Info: Elaborated megafunction instantiation "debounce:inst|lpm_add_sub:op_1|altshift:carry_ext_latency_ffs", which is child of megafunction instantiation "debounce:inst|lpm_add_sub:op_1"
Info: Ignored 6 buffer(s)
    Info: Ignored 6 SOFT buffer(s)
Info: Registers with preset signals will power-up high
Info: Promoted pin-driven signal(s) to global signal
    Info: Promoted clock signal driven by pin "CLOCK" to global clock signal
Info: Implemented 17 device resources after synthesis - the final resource count might be different
    Info: Implemented 2 input pins
    Info: Implemented 3 output pins
    Info: Implemented 12 macrocells
Info: Quartus II Analysis & Synthesis was successful. 0 errors, 0 warnings
    Info: Peak virtual memory: 210 megabytes
    Info: Processing ended: Thu Oct 02 12:50:24 2014
    Info: Elapsed time: 00:00:08
    Info: Total CPU time (on all processors): 00:00:04


